2013-01-01 23:25:30 Error: [MissingControllerException] Controller class CssController could not be found.
#0 /home/storage/b/0d/98/ballade/public_html/cakephp/app/webroot/index.php(92): Dispatcher->dispatch(Object(CakeRequest), Object(CakeResponse))
#1 {main}
2013-01-02 09:11:19 Error: [MissingControllerException] Controller class LocalizacaoController could not be found.
#0 /home/storage/b/0d/98/ballade/public_html/cakephp/app/webroot/index.php(92): Dispatcher->dispatch(Object(CakeRequest), Object(CakeResponse))
#1 {main}
2013-01-02 09:37:24 Error: [MissingControllerException] Controller class LocalizacaoController could not be found.
#0 /home/storage/b/0d/98/ballade/public_html/cakephp/app/webroot/index.php(92): Dispatcher->dispatch(Object(CakeRequest), Object(CakeResponse))
#1 {main}
2013-01-02 13:41:22 Error: [MissingControllerException] Controller class LocalizacaoController could not be found.
#0 /home/storage/b/0d/98/ballade/public_html/cakephp/app/webroot/index.php(92): Dispatcher->dispatch(Object(CakeRequest), Object(CakeResponse))
#1 {main}
2013-01-02 15:49:49 Error: [MissingControllerException] Controller class LocalizacaoController could not be found.
#0 /home/storage/b/0d/98/ballade/public_html/cakephp/app/webroot/index.php(92): Dispatcher->dispatch(Object(CakeRequest), Object(CakeResponse))
#1 {main}
2013-01-07 15:42:56 Error: [MissingControllerException] Controller class TemplatemoStyle.cssController could not be found.
#0 /home/storage/b/0d/98/ballade/public_html/cakephp/app/webroot/index.php(92): Dispatcher->dispatch(Object(CakeRequest), Object(CakeResponse))
#1 {main}
2013-01-07 15:42:56 Error: [MissingControllerException] Controller class JsController could not be found.
#0 /home/storage/b/0d/98/ballade/public_html/cakephp/app/webroot/index.php(92): Dispatcher->dispatch(Object(CakeRequest), Object(CakeResponse))
#1 {main}
2013-01-07 15:42:56 Error: [MissingControllerException] Controller class JsController could not be found.
#0 /home/storage/b/0d/98/ballade/public_html/cakephp/app/webroot/index.php(92): Dispatcher->dispatch(Object(CakeRequest), Object(CakeResponse))
#1 {main}
2013-01-07 15:42:56 Error: [MissingControllerException] Controller class JsController could not be found.
#0 /home/storage/b/0d/98/ballade/public_html/cakephp/app/webroot/index.php(92): Dispatcher->dispatch(Object(CakeRequest), Object(CakeResponse))
#1 {main}
2013-01-07 15:42:56 Error: [MissingControllerException] Controller class JsController could not be found.
#0 /home/storage/b/0d/98/ballade/public_html/cakephp/app/webroot/index.php(92): Dispatcher->dispatch(Object(CakeRequest), Object(CakeResponse))
#1 {main}
2013-01-07 15:42:56 Error: [MissingControllerException] Controller class CssController could not be found.
#0 /home/storage/b/0d/98/ballade/public_html/cakephp/app/webroot/index.php(92): Dispatcher->dispatch(Object(CakeRequest), Object(CakeResponse))
#1 {main}
2013-01-07 15:42:57 Error: [MissingControllerException] Controller class JsController could not be found.
#0 /home/storage/b/0d/98/ballade/public_html/cakephp/app/webroot/index.php(92): Dispatcher->dispatch(Object(CakeRequest), Object(CakeResponse))
#1 {main}
2013-01-07 15:42:57 Error: [MissingControllerException] Controller class ImagesController could not be found.
#0 /home/storage/b/0d/98/ballade/public_html/cakephp/app/webroot/index.php(92): Dispatcher->dispatch(Object(CakeRequest), Object(CakeResponse))
#1 {main}
2013-01-07 15:42:57 Error: [MissingControllerException] Controller class ImagesController could not be found.
#0 /home/storage/b/0d/98/ballade/public_html/cakephp/app/webroot/index.php(92): Dispatcher->dispatch(Object(CakeRequest), Object(CakeResponse))
#1 {main}
2013-01-07 15:42:57 Error: [MissingControllerException] Controller class ImagesController could not be found.
#0 /home/storage/b/0d/98/ballade/public_html/cakephp/app/webroot/index.php(92): Dispatcher->dispatch(Object(CakeRequest), Object(CakeResponse))
#1 {main}
2013-01-07 15:42:57 Error: [MissingControllerException] Controller class ImagesController could not be found.
#0 /home/storage/b/0d/98/ballade/public_html/cakephp/app/webroot/index.php(92): Dispatcher->dispatch(Object(CakeRequest), Object(CakeResponse))
#1 {main}
2013-01-07 15:42:57 Error: [MissingControllerException] Controller class ImagesController could not be found.
#0 /home/storage/b/0d/98/ballade/public_html/cakephp/app/webroot/index.php(92): Dispatcher->dispatch(Object(CakeRequest), Object(CakeResponse))
#1 {main}
2013-01-07 15:42:57 Error: [MissingControllerException] Controller class ImagesController could not be found.
#0 /home/storage/b/0d/98/ballade/public_html/cakephp/app/webroot/index.php(92): Dispatcher->dispatch(Object(CakeRequest), Object(CakeResponse))
#1 {main}
2013-01-07 15:42:57 Error: [MissingControllerException] Controller class ImagesController could not be found.
#0 /home/storage/b/0d/98/ballade/public_html/cakephp/app/webroot/index.php(92): Dispatcher->dispatch(Object(CakeRequest), Object(CakeResponse))
#1 {main}
2013-01-07 15:42:57 Error: [MissingControllerException] Controller class ImagesController could not be found.
#0 /home/storage/b/0d/98/ballade/public_html/cakephp/app/webroot/index.php(92): Dispatcher->dispatch(Object(CakeRequest), Object(CakeResponse))
#1 {main}
2013-01-07 15:42:57 Error: [MissingControllerException] Controller class ImagesController could not be found.
#0 /home/storage/b/0d/98/ballade/public_html/cakephp/app/webroot/index.php(92): Dispatcher->dispatch(Object(CakeRequest), Object(CakeResponse))
#1 {main}
2013-01-07 15:42:57 Error: [MissingControllerException] Controller class ImagesController could not be found.
#0 /home/storage/b/0d/98/ballade/public_html/cakephp/app/webroot/index.php(92): Dispatcher->dispatch(Object(CakeRequest), Object(CakeResponse))
#1 {main}
2013-01-07 15:42:57 Error: [MissingControllerException] Controller class ImagesController could not be found.
#0 /home/storage/b/0d/98/ballade/public_html/cakephp/app/webroot/index.php(92): Dispatcher->dispatch(Object(CakeRequest), Object(CakeResponse))
#1 {main}
2013-01-07 15:42:58 Error: [MissingControllerException] Controller class ImagesController could not be found.
#0 /home/storage/b/0d/98/ballade/public_html/cakephp/app/webroot/index.php(92): Dispatcher->dispatch(Object(CakeRequest), Object(CakeResponse))
#1 {main}
2013-01-07 15:42:58 Error: [MissingControllerException] Controller class ImagesController could not be found.
#0 /home/storage/b/0d/98/ballade/public_html/cakephp/app/webroot/index.php(92): Dispatcher->dispatch(Object(CakeRequest), Object(CakeResponse))
#1 {main}
2013-01-07 15:42:58 Error: [MissingControllerException] Controller class ImagesController could not be found.
#0 /home/storage/b/0d/98/ballade/public_html/cakephp/app/webroot/index.php(92): Dispatcher->dispatch(Object(CakeRequest), Object(CakeResponse))
#1 {main}
2013-01-07 15:42:58 Error: [MissingControllerException] Controller class ImagesController could not be found.
#0 /home/storage/b/0d/98/ballade/public_html/cakephp/app/webroot/index.php(92): Dispatcher->dispatch(Object(CakeRequest), Object(CakeResponse))
#1 {main}
2013-01-07 15:42:58 Error: [MissingControllerException] Controller class ImagesController could not be found.
#0 /home/storage/b/0d/98/ballade/public_html/cakephp/app/webroot/index.php(92): Dispatcher->dispatch(Object(CakeRequest), Object(CakeResponse))
#1 {main}
2013-01-07 15:42:58 Error: [MissingControllerException] Controller class ImagesController could not be found.
#0 /home/storage/b/0d/98/ballade/public_html/cakephp/app/webroot/index.php(92): Dispatcher->dispatch(Object(CakeRequest), Object(CakeResponse))
#1 {main}
2013-01-07 15:42:58 Error: [MissingControllerException] Controller class ImagesController could not be found.
#0 /home/storage/b/0d/98/ballade/public_html/cakephp/app/webroot/index.php(92): Dispatcher->dispatch(Object(CakeRequest), Object(CakeResponse))
#1 {main}
2013-01-18 13:39:48 Error: [MissingControllerException] Controller class PalestrantesController could not be found.
#0 /home/storage/b/0d/98/ballade/public_html/cakephp/app/webroot/index.php(92): Dispatcher->dispatch(Object(CakeRequest), Object(CakeResponse))
#1 {main}
2013-01-18 13:39:51 Error: [MissingControllerException] Controller class PalestrasController could not be found.
#0 /home/storage/b/0d/98/ballade/public_html/cakephp/app/webroot/index.php(92): Dispatcher->dispatch(Object(CakeRequest), Object(CakeResponse))
#1 {main}
2013-01-18 13:40:51 Error: [MissingControllerException] Controller class PalestrasController could not be found.
#0 /home/storage/b/0d/98/ballade/public_html/cakephp/app/webroot/index.php(92): Dispatcher->dispatch(Object(CakeRequest), Object(CakeResponse))
#1 {main}
2013-01-20 16:10:03 Error: [MissingControllerException] Controller class PalestrasController could not be found.
#0 /home/storage/b/0d/98/ballade/public_html/cakephp/app/webroot/index.php(92): Dispatcher->dispatch(Object(CakeRequest), Object(CakeResponse))
#1 {main}
2013-01-20 16:14:04 Error: [MissingControllerException] Controller class PalestrasController could not be found.
#0 /home/storage/b/0d/98/ballade/public_html/cakephp/app/webroot/index.php(92): Dispatcher->dispatch(Object(CakeRequest), Object(CakeResponse))
#1 {main}
2013-01-20 16:14:08 Error: [MissingControllerException] Controller class PalestrasController could not be found.
#0 /home/storage/b/0d/98/ballade/public_html/cakephp/app/webroot/index.php(92): Dispatcher->dispatch(Object(CakeRequest), Object(CakeResponse))
#1 {main}
2013-01-20 16:14:14 Error: [MissingControllerException] Controller class PalestrantesController could not be found.
#0 /home/storage/b/0d/98/ballade/public_html/cakephp/app/webroot/index.php(92): Dispatcher->dispatch(Object(CakeRequest), Object(CakeResponse))
#1 {main}
2013-01-20 16:14:17 Error: [MissingControllerException] Controller class PalestrantesController could not be found.
#0 /home/storage/b/0d/98/ballade/public_html/cakephp/app/webroot/index.php(92): Dispatcher->dispatch(Object(CakeRequest), Object(CakeResponse))
#1 {main}
2013-01-20 16:54:16 Error: [MissingTableException] Table palestras for model Palestra was not found in datasource default.
#0 /home/storage/b/0d/98/ballade/public_html/cakephp/lib/Cake/Model/Model.php(3186): Model->setSource('palestras')
#1 /home/storage/b/0d/98/ballade/public_html/cakephp/lib/Cake/Model/Model.php(2637): Model->getDataSource()
#2 /home/storage/b/0d/98/ballade/public_html/cakephp/app/Controller/PalestrasController.php(5): Model->find('all')
#3 [internal function]: PalestrasController->index()
#4 /home/storage/b/0d/98/ballade/public_html/cakephp/lib/Cake/Controller/Controller.php(485): ReflectionMethod->invokeArgs(Object(PalestrasController), Array)
#5 /home/storage/b/0d/98/ballade/public_html/cakephp/lib/Cake/Routing/Dispatcher.php(186): Controller->invokeAction(Object(CakeRequest))
#6 /home/storage/b/0d/98/ballade/public_html/cakephp/lib/Cake/Routing/Dispatcher.php(161): Dispatcher->_invoke(Object(PalestrasController), Object(CakeRequest), Object(CakeResponse))
#7 /home/storage/b/0d/98/ballade/public_html/cakephp/app/webroot/index.php(92): Dispatcher->dispatch(Object(CakeRequest), Object(CakeResponse))
#8 {main}
2013-01-20 16:56:41 Error: [MissingControllerException] Controller class ObrigadoController could not be found.
#0 /home/storage/b/0d/98/ballade/public_html/cakephp/app/webroot/index.php(92): Dispatcher->dispatch(Object(CakeRequest), Object(CakeResponse))
#1 {main}
